<?xml version="1.0" encoding="UTF-8"?>
<testng-results total="1" passed="1" failed="0" skipped="0">
  <reporter-output>
  </reporter-output>
  <suite started-at="2018-09-30T12:31:18Z" name="Default suite" finished-at="2018-09-30T12:31:25Z" duration-ms="6374">
    <groups>
    </groups>
    <test started-at="2018-09-30T12:31:18Z" name="Default test" finished-at="2018-09-30T12:31:25Z" duration-ms="6374">
      <class name="SeleniumTest.SeleniumTest">
        <test-method is-config="true" signature="beforeClass()" started-at="2018-09-30T12:31:18Z" name="beforeClass" finished-at="2018-09-30T12:31:21Z" duration-ms="2181" status="PASS">
        </test-method>
        <test-method signature="openMyBlog()" started-at="2018-09-30T12:31:21Z" name="openMyBlog" finished-at="2018-09-30T12:31:24Z" duration-ms="3595" status="PASS">
        </test-method>
        <test-method is-config="true" signature="afterClass()" started-at="2018-09-30T12:31:24Z" name="afterClass" finished-at="2018-09-30T12:31:25Z" duration-ms="586" status="PASS">
        </test-method>
      </class>
    </test>
  </suite>
</testng-results>
